e:\data structures\ds project\embedding part\main project_version02\main project\x64\release\vc142.pdb
e:\data structures\ds project\embedding part\main project_version02\main project\x64\release\vector.obj
e:\data structures\ds project\embedding part\main project_version02\main project\x64\release\utils.obj
e:\data structures\ds project\embedding part\main project_version02\main project\x64\release\training and word vectors.obj
e:\data structures\ds project\embedding part\main project_version02\main project\x64\release\source.obj
e:\data structures\ds project\embedding part\main project_version02\main project\x64\release\quantmatrix.obj
e:\data structures\ds project\embedding part\main project_version02\main project\x64\release\productquantizer.obj
e:\data structures\ds project\embedding part\main project_version02\main project\x64\release\model.obj
e:\data structures\ds project\embedding part\main project_version02\main project\x64\release\meter.obj
e:\data structures\ds project\embedding part\main project_version02\main project\x64\release\matrix.obj
e:\data structures\ds project\embedding part\main project_version02\main project\x64\release\loss.obj
e:\data structures\ds project\embedding part\main project_version02\main project\x64\release\fasttext.obj
e:\data structures\ds project\embedding part\main project_version02\main project\x64\release\dictionary.obj
e:\data structures\ds project\embedding part\main project_version02\main project\x64\release\densematrix.obj
e:\data structures\ds project\embedding part\main project_version02\main project\x64\release\autotune.obj
e:\data structures\ds project\embedding part\main project_version02\main project\x64\release\args.obj
e:\data structures\ds project\embedding part\main project_version02\x64\release\main project.ipdb
e:\data structures\ds project\embedding part\main project_version02\x64\release\main project.iobj
e:\data structures\ds project\embedding part\main project_version02\x64\release\main project.pdb
e:\data structures\ds project\embedding part\main project_version02\x64\release\main project.exe
e:\data structures\ds project\embedding part\main project_version02\main project\x64\release\main project.tlog\cl.command.1.tlog
e:\data structures\ds project\embedding part\main project_version02\main project\x64\release\main project.tlog\cl.read.1.tlog
e:\data structures\ds project\embedding part\main project_version02\main project\x64\release\main project.tlog\cl.write.1.tlog
e:\data structures\ds project\embedding part\main project_version02\main project\x64\release\main project.tlog\link.command.1.tlog
e:\data structures\ds project\embedding part\main project_version02\main project\x64\release\main project.tlog\link.read.1.tlog
e:\data structures\ds project\embedding part\main project_version02\main project\x64\release\main project.tlog\link.write.1.tlog
e:\data structures\ds project\embedding part\main project_version02\main project\x64\release\main project.tlog\main project.write.1u.tlog
